Determining if the pthread_create exist failed with the following output:
Change Dir: /home/travis/build/adv-dev-22/otus_cpp_hw/CMakeFiles/CMakeTmp

Run Build Command:"/usr/bin/make" "cmTC_0958e/fast"
/usr/bin/make -f CMakeFiles/cmTC_0958e.dir/build.make CMakeFiles/cmTC_0958e.dir/build
make[1]: Entering directory '/home/travis/build/adv-dev-22/otus_cpp_hw/CMakeFiles/CMakeTmp'
Building C object CMakeFiles/cmTC_0958e.dir/CheckSymbolExists.c.o
/usr/bin/gcc    -o CMakeFiles/cmTC_0958e.dir/CheckSymbolExists.c.o   -c /home/travis/build/adv-dev-22/otus_cpp_hw/CMakeFiles/CMakeTmp/CheckSymbolExists.c
Linking C executable cmTC_0958e
/usr/local/cmake-3.12.4/bin/cmake -E cmake_link_script CMakeFiles/cmTC_0958e.dir/link.txt --verbose=1
/usr/bin/gcc      -rdynamic CMakeFiles/cmTC_0958e.dir/CheckSymbolExists.c.o  -o cmTC_0958e 
CMakeFiles/cmTC_0958e.dir/CheckSymbolExists.c.o: In function `main':
CheckSymbolExists.c:(.text+0x16): undefined reference to `pthread_create'
collect2: error: ld returned 1 exit status
CMakeFiles/cmTC_0958e.dir/build.make:86: recipe for target 'cmTC_0958e' failed
make[1]: *** [cmTC_0958e] Error 1
make[1]: Leaving directory '/home/travis/build/adv-dev-22/otus_cpp_hw/CMakeFiles/CMakeTmp'
Makefile:121: recipe for target 'cmTC_0958e/fast' failed
make: *** [cmTC_0958e/fast] Error 2

File /home/travis/build/adv-dev-22/otus_cpp_hw/CMakeFiles/CMakeTmp/CheckSymbolExists.c:
/* */
#include <pthread.h>

int main(int argc, char** argv)
{
  (void)argv;
#ifndef pthread_create
  return ((int*)(&pthread_create))[argc];
#else
  (void)argc;
  return 0;
#endif
}

Determining if the function pthread_create exists in the pthreads failed with the following output:
Change Dir: /home/travis/build/adv-dev-22/otus_cpp_hw/CMakeFiles/CMakeTmp

Run Build Command:"/usr/bin/make" "cmTC_42e6b/fast"
/usr/bin/make -f CMakeFiles/cmTC_42e6b.dir/build.make CMakeFiles/cmTC_42e6b.dir/build
make[1]: Entering directory '/home/travis/build/adv-dev-22/otus_cpp_hw/CMakeFiles/CMakeTmp'
Building C object CMakeFiles/cmTC_42e6b.dir/CheckFunctionExists.c.o
/usr/bin/gcc   -DCHECK_FUNCTION_EXISTS=pthread_create   -o CMakeFiles/cmTC_42e6b.dir/CheckFunctionExists.c.o   -c /usr/local/cmake-3.12.4/share/cmake-3.12/Modules/CheckFunctionExists.c
Linking C executable cmTC_42e6b
/usr/local/cmake-3.12.4/bin/cmake -E cmake_link_script CMakeFiles/cmTC_42e6b.dir/link.txt --verbose=1
/usr/bin/gcc  -DCHECK_FUNCTION_EXISTS=pthread_create    -rdynamic CMakeFiles/cmTC_42e6b.dir/CheckFunctionExists.c.o  -o cmTC_42e6b -lpthreads 
/usr/bin/ld: cannot find -lpthreads
collect2: error: ld returned 1 exit status
CMakeFiles/cmTC_42e6b.dir/build.make:86: recipe for target 'cmTC_42e6b' failed
make[1]: *** [cmTC_42e6b] Error 1
make[1]: Leaving directory '/home/travis/build/adv-dev-22/otus_cpp_hw/CMakeFiles/CMakeTmp'
Makefile:121: recipe for target 'cmTC_42e6b/fast' failed
make: *** [cmTC_42e6b/fast] Error 2


